<?xml version="1.0" encoding="UTF-8"?>
<testng-results ignored="0" total="1" passed="1" failed="0" skipped="0">
  <reporter-output>
  </reporter-output>
  <suite started-at="2023-06-29T16:54:49 IST" name="Default suite" finished-at="2023-06-29T16:54:57 IST" duration-ms="8184">
    <groups>
    </groups>
    <test started-at="2023-06-29T16:54:49 IST" name="Default test" finished-at="2023-06-29T16:54:57 IST" duration-ms="8184">
      <class name="coops.Oauth2_0">
        <test-method signature="oauth2()[pri:0, instance:coops.Oauth2_0@32b260fa]" started-at="2023-06-29T16:54:49 IST" name="oauth2" finished-at="2023-06-29T16:54:57 IST" duration-ms="8118" status="PASS">
          <reporter-output>
          </reporter-output>
        </test-method> <!-- oauth2 -->
      </class> <!-- coops.Oauth2_0 -->
    </test> <!-- Default test -->
  </suite> <!-- Default suite -->
</testng-results>
