<?xml version="1.0" encoding="UTF-8"?>
<testng-results ignored="0" total="1" passed="1" failed="0" skipped="0">
  <reporter-output>
  </reporter-output>
  <suite started-at="2023-08-07T11:11:17 IST" name="Default suite" finished-at="2023-08-07T11:11:19 IST" duration-ms="1764">
    <groups>
    </groups>
    <test started-at="2023-08-07T11:11:17 IST" name="Default test" finished-at="2023-08-07T11:11:19 IST" duration-ms="1764">
      <class name="complexRequest.Kusnap_complexRequest">
        <test-method signature="createprod()[pri:0, instance:complexRequest.Kusnap_complexRequest@16a0ee18]" started-at="2023-08-07T11:11:17 IST" name="createprod" finished-at="2023-08-07T11:11:19 IST" duration-ms="1695" status="PASS">
          <reporter-output>
          </reporter-output>
        </test-method> <!-- createprod -->
      </class> <!-- complexRequest.Kusnap_complexRequest -->
    </test> <!-- Default test -->
  </suite> <!-- Default suite -->
</testng-results>
